<?xml version="1.0" encoding="UTF-8"?>
<testsuite name="az.pashabank.cardzone.service.CardServiceTest" tests="1" skipped="0" failures="0" errors="0" timestamp="2023-08-03T21:04:36" hostname="MIKA" time="0.086">
  <properties/>
  <testcase name="GetCardById" classname="az.pashabank.cardzone.service.CardServiceTest" time="0.086"/>
  <system-out><![CDATA[]]></system-out>
  <system-err><![CDATA[]]></system-err>
</testsuite>
